<?xml version="1.0" encoding="UTF-8"?>
<!-- Generated by org.testng.reporters.JUnitXMLReporter -->
<testsuite ignored="0" hostname="TYSS-Mohammed-Riza-Washiq" failures="0" tests="17" name="Default test" time="20.398" errors="0" timestamp="2024-11-19T16:18:59 IST">
  <testcase classname="com.shopperstack.systemTest.SystemTest" name="login" time="5.014"/>
  <testcase classname="com.shopperstack.systemTest.SystemTest" name="viewProd" time="2.891"/>
  <testcase classname="com.shopperstack.systemTest.SystemTest" name="addWishList" time="0.856"/>
  <testcase classname="com.shopperstack.systemTest.SystemTest" name="getFromWishList" time="0.819"/>
  <testcase classname="com.shopperstack.systemTest.SystemTest" name="deleteFromWishList" time="0.794"/>
  <testcase classname="com.shopperstack.systemTest.SystemTest" name="addPRodToCart" time="0.946"/>
  <testcase classname="com.shopperstack.systemTest.SystemTest" name="getPRodFromCart" time="0.81"/>
  <testcase classname="com.shopperstack.systemTest.SystemTest" name="updatePRodFromCart" time="0.808"/>
  <testcase classname="com.shopperstack.systemTest.SystemTest" name="addAdress" time="0.847"/>
  <testcase classname="com.shopperstack.systemTest.SystemTest" name="getAdress" time="0.801"/>
  <testcase classname="com.shopperstack.systemTest.SystemTest" name="postOrder" time="0.827"/>
  <testcase classname="com.shopperstack.systemTest.SystemTest" name="getOrders" time="0.821"/>
  <testcase classname="com.shopperstack.systemTest.SystemTest" name="getOrderInvoice" time="0.797"/>
  <testcase classname="com.shopperstack.systemTest.SystemTest" name="addReview" time="0.824"/>
  <testcase classname="com.shopperstack.systemTest.SystemTest" name="getReview" time="0.813"/>
  <testcase classname="com.shopperstack.systemTest.SystemTest" name="updateReview" time="0.806"/>
  <testcase classname="com.shopperstack.systemTest.SystemTest" name="deleteReview" time="0.824"/>
</testsuite> <!-- Default test -->
