<?xml version="1.0" encoding="UTF-8"?>
<testng-results ignored="0" total="17" passed="17" failed="0" skipped="0">
  <reporter-output>
  </reporter-output>
  <suite started-at="2024-11-19T16:18:38 IST" name="Default suite" finished-at="2024-11-19T16:18:59 IST" duration-ms="20398">
    <groups>
    </groups>
    <test started-at="2024-11-19T16:18:38 IST" name="Default test" finished-at="2024-11-19T16:18:59 IST" duration-ms="20398">
      <class name="com.shopperstack.systemTest.SystemTest">
        <test-method is-config="true" signature="bf()[pri:0, instance:com.shopperstack.systemTest.SystemTest@1c1bbc4e]" started-at="2024-11-19T16:18:37 IST" name="bf" finished-at="2024-11-19T16:18:38 IST" duration-ms="905" status="PASS">
          <reporter-output>
          </reporter-output>
        </test-method> <!-- bf -->
        <test-method signature="login()[pri:0, instance:com.shopperstack.systemTest.SystemTest@1c1bbc4e]" started-at="2024-11-19T16:18:38 IST" name="login" finished-at="2024-11-19T16:18:43 IST" duration-ms="5014" status="PASS">
          <reporter-output>
          </reporter-output>
        </test-method> <!-- login -->
        <test-method signature="viewProd()[pri:1, instance:com.shopperstack.systemTest.SystemTest@1c1bbc4e]" started-at="2024-11-19T16:18:43 IST" name="viewProd" finished-at="2024-11-19T16:18:46 IST" duration-ms="2891" status="PASS">
          <reporter-output>
          </reporter-output>
        </test-method> <!-- viewProd -->
        <test-method signature="addWishList()[pri:2, instance:com.shopperstack.systemTest.SystemTest@1c1bbc4e]" started-at="2024-11-19T16:18:46 IST" name="addWishList" finished-at="2024-11-19T16:18:47 IST" duration-ms="856" status="PASS">
          <reporter-output>
          </reporter-output>
        </test-method> <!-- addWishList -->
        <test-method signature="getFromWishList()[pri:3, instance:com.shopperstack.systemTest.SystemTest@1c1bbc4e]" started-at="2024-11-19T16:18:47 IST" name="getFromWishList" finished-at="2024-11-19T16:18:48 IST" duration-ms="819" status="PASS">
          <reporter-output>
          </reporter-output>
        </test-method> <!-- getFromWishList -->
        <test-method signature="deleteFromWishList()[pri:4, instance:com.shopperstack.systemTest.SystemTest@1c1bbc4e]" started-at="2024-11-19T16:18:48 IST" name="deleteFromWishList" finished-at="2024-11-19T16:18:49 IST" duration-ms="794" status="PASS">
          <reporter-output>
          </reporter-output>
        </test-method> <!-- deleteFromWishList -->
        <test-method signature="addPRodToCart()[pri:5, instance:com.shopperstack.systemTest.SystemTest@1c1bbc4e]" started-at="2024-11-19T16:18:49 IST" name="addPRodToCart" finished-at="2024-11-19T16:18:50 IST" duration-ms="946" status="PASS">
          <reporter-output>
          </reporter-output>
        </test-method> <!-- addPRodToCart -->
        <test-method signature="getPRodFromCart()[pri:6, instance:com.shopperstack.systemTest.SystemTest@1c1bbc4e]" started-at="2024-11-19T16:18:50 IST" name="getPRodFromCart" finished-at="2024-11-19T16:18:51 IST" duration-ms="810" status="PASS">
          <reporter-output>
          </reporter-output>
        </test-method> <!-- getPRodFromCart -->
        <test-method signature="updatePRodFromCart()[pri:7, instance:com.shopperstack.systemTest.SystemTest@1c1bbc4e]" started-at="2024-11-19T16:18:51 IST" name="updatePRodFromCart" finished-at="2024-11-19T16:18:51 IST" duration-ms="808" status="PASS">
          <reporter-output>
          </reporter-output>
        </test-method> <!-- updatePRodFromCart -->
        <test-method signature="addAdress()[pri:8, instance:com.shopperstack.systemTest.SystemTest@1c1bbc4e]" started-at="2024-11-19T16:18:51 IST" name="addAdress" finished-at="2024-11-19T16:18:52 IST" duration-ms="847" status="PASS">
          <reporter-output>
          </reporter-output>
        </test-method> <!-- addAdress -->
        <test-method signature="getAdress()[pri:9, instance:com.shopperstack.systemTest.SystemTest@1c1bbc4e]" started-at="2024-11-19T16:18:52 IST" name="getAdress" finished-at="2024-11-19T16:18:53 IST" duration-ms="801" status="PASS">
          <reporter-output>
          </reporter-output>
        </test-method> <!-- getAdress -->
        <test-method signature="postOrder()[pri:10, instance:com.shopperstack.systemTest.SystemTest@1c1bbc4e]" started-at="2024-11-19T16:18:53 IST" name="postOrder" finished-at="2024-11-19T16:18:54 IST" duration-ms="827" status="PASS">
          <reporter-output>
          </reporter-output>
        </test-method> <!-- postOrder -->
        <test-method signature="getOrders()[pri:11, instance:com.shopperstack.systemTest.SystemTest@1c1bbc4e]" started-at="2024-11-19T16:18:54 IST" name="getOrders" finished-at="2024-11-19T16:18:55 IST" duration-ms="821" status="PASS">
          <reporter-output>
          </reporter-output>
        </test-method> <!-- getOrders -->
        <test-method signature="getOrderInvoice()[pri:12, instance:com.shopperstack.systemTest.SystemTest@1c1bbc4e]" started-at="2024-11-19T16:18:55 IST" name="getOrderInvoice" finished-at="2024-11-19T16:18:55 IST" duration-ms="797" status="PASS">
          <reporter-output>
          </reporter-output>
        </test-method> <!-- getOrderInvoice -->
        <test-method signature="addReview()[pri:13, instance:com.shopperstack.systemTest.SystemTest@1c1bbc4e]" started-at="2024-11-19T16:18:55 IST" name="addReview" finished-at="2024-11-19T16:18:56 IST" duration-ms="824" status="PASS">
          <reporter-output>
          </reporter-output>
        </test-method> <!-- addReview -->
        <test-method signature="getReview()[pri:14, instance:com.shopperstack.systemTest.SystemTest@1c1bbc4e]" started-at="2024-11-19T16:18:56 IST" name="getReview" finished-at="2024-11-19T16:18:57 IST" duration-ms="813" status="PASS">
          <reporter-output>
          </reporter-output>
        </test-method> <!-- getReview -->
        <test-method signature="updateReview()[pri:15, instance:com.shopperstack.systemTest.SystemTest@1c1bbc4e]" started-at="2024-11-19T16:18:57 IST" name="updateReview" finished-at="2024-11-19T16:18:58 IST" duration-ms="806" status="PASS">
          <reporter-output>
          </reporter-output>
        </test-method> <!-- updateReview -->
        <test-method signature="deleteReview()[pri:16, instance:com.shopperstack.systemTest.SystemTest@1c1bbc4e]" started-at="2024-11-19T16:18:58 IST" name="deleteReview" finished-at="2024-11-19T16:18:59 IST" duration-ms="824" status="PASS">
          <reporter-output>
          </reporter-output>
        </test-method> <!-- deleteReview -->
      </class> <!-- com.shopperstack.systemTest.SystemTest -->
    </test> <!-- Default test -->
  </suite> <!-- Default suite -->
</testng-results>
